The selected window backend is x11 
Mono path[0] = '/home/tulio/.steam/debian-installation/steamapps/common/Core Keeper/CoreKeeper_Data/Managed'
Mono config path = '/home/tulio/.steam/debian-installation/steamapps/common/Core Keeper/CoreKeeper_Data/MonoBleedingEdge/etc'
Failed to open plugin: /home/tulio/.steam/debian-installation/steamapps/common/Core Keeper/CoreKeeper_Data/Plugins/libsentry.so
JobSystem: Creating JobQueue using job-worker-count value 4
Input System module state changed to: Initialized.
Display 0 'PHILIPS FTV 29"': 1920x1080 (primary device).
[Physics::Module] Initialized fallback backend.
[Physics::Module] Id: 0xdecafbad
Desktop is 1920 x 1080 @ 60 Hz
Initialize engine version: 6000.0.59f2 (ef281c76c3c1)
[Subsystems] Discovering subsystems at path /home/tulio/.steam/debian-installation/steamapps/common/Core Keeper/CoreKeeper_Data/UnitySubsystems
Forcing GfxDevice: OpenGL Core
kGfxThreadingModeClientWorkerNativeJobs is not supported on OpenGL Core. Reverting to kGfxThreadingModeClientWorkerJobs instead.
GfxDevice: creating device client; kGfxThreadingModeClientWorkerJobs
Renderer: AMD Radeon RX 6600 (radeonsi, navi23, LLVM 19.1.1, DRM 3.64, 6.18.7-76061807-generic)
Vendor:   AMD
Version:  4.6 (Core Profile) Mesa 25.1.5-1pop0~1753463422~24.04~8af185e
GLES:     0
 GL_AMD_conservative_depth GL_AMD_depth_clamp_separate GL_AMD_draw_buffers_blend GL_AMD_framebuffer_multisample_advanced GL_AMD_gpu_shader_int64 GL_AMD_multi_draw_indirect GL_AMD_performance_monitor GL_AMD_pinned_memory GL_AMD_query_buffer_object GL_AMD_seamless_cubemap_per_texture GL_AMD_shader_stencil_export GL_AMD_shader_trinary_minmax GL_AMD_texture_texture4 GL_AMD_vertex_shader_layer GL_AMD_vertex_shader_viewport_index GL_ANGLE_texture_compression_dxt3 GL_ANGLE_texture_compression_dxt5 GL_ARB_ES2_compatibility GL_ARB_ES3_1_compatibility GL_ARB_ES3_2_compatibility GL_ARB_ES3_compatibility GL_ARB_arrays_of_arrays GL_ARB_base_instance GL_ARB_bindless_texture GL_ARB_blend_func_extended GL_ARB_buffer_storage GL_ARB_clear_buffer_object GL_ARB_clear_texture GL_ARB_clip_control GL_ARB_color_buffer_float GL_ARB_compressed_texture_pixel_storage GL_ARB_compute_shader GL_ARB_compute_variable_group_size GL_ARB_conditional_render_inverted GL_ARB_conservative_depth GL_ARB_copy_buffer GL_ARB_copy_image GL_ARB_cull_dist
ance GL_ARB_debug_output GL_ARB_depth_buffer_float GL_ARB_depth_clamp GL_ARB_derivative_control GL_ARB_direct_state_access GL_ARB_draw_buffers GL_ARB_draw_buffers_blend GL_ARB_draw_elements_base_vertex GL_ARB_draw_indirect GL_ARB_draw_instanced GL_ARB_enhanced_layouts GL_ARB_explicit_attrib_location GL_ARB_explicit_uniform_location GL_ARB_fragment_coord_conventions GL_ARB_fragment_layer_viewport GL_ARB_fragment_shader GL_ARB_framebuffer_no_attachments GL_ARB_framebuffer_object GL_ARB_framebuffer_sRGB GL_ARB_get_program_binary GL_ARB_get_texture_sub_image GL_ARB_gl_spirv GL_ARB_gpu_shader5 GL_ARB_gpu_shader_fp64 GL_ARB_gpu_shader_int64 GL_ARB_half_float_pixel GL_ARB_half_float_vertex GL_ARB_indirect_parameters GL_ARB_instanced_arrays GL_ARB_internalformat_query GL_ARB_internalformat_query2 GL_ARB_invalidate_subdata GL_ARB_map_buffer_alignment GL_ARB_map_buffer_range GL_ARB_multi_bind GL_ARB_multi_draw_indirect GL_ARB_occlusion_query2 GL_ARB_parallel_shader_compile GL_ARB_pipeline_statistics_query GL_ARB_pixel
_buffer_object GL_ARB_point_sprite GL_ARB_polygon_offset_clamp GL_ARB_post_depth_coverage GL_ARB_program_interface_query GL_ARB_provoking_vertex GL_ARB_query_buffer_object GL_ARB_robust_buffer_access_behavior GL_ARB_robustness GL_ARB_sample_shading GL_ARB_sampler_objects GL_ARB_seamless_cube_map GL_ARB_seamless_cubemap_per_texture GL_ARB_separate_shader_objects GL_ARB_shader_atomic_counter_ops GL_ARB_shader_atomic_counters GL_ARB_shader_ballot GL_ARB_shader_bit_encoding GL_ARB_shader_clock GL_ARB_shader_draw_parameters GL_ARB_shader_group_vote GL_ARB_shader_image_load_store GL_ARB_shader_image_size GL_ARB_shader_objects GL_ARB_shader_precision GL_ARB_shader_stencil_export GL_ARB_shader_storage_buffer_object GL_ARB_shader_subroutine GL_ARB_shader_texture_image_samples GL_ARB_shader_texture_lod GL_ARB_shader_viewport_layer_array GL_ARB_shading_language_420pack GL_ARB_shading_language_include GL_ARB_shading_language_packing GL_ARB_sparse_buffer GL_ARB_sparse_texture GL_ARB_sparse_texture2 GL_ARB_sparse_texture_
clamp GL_ARB_spirv_extensions GL_ARB_stencil_texturing GL_ARB_sync GL_ARB_tessellation_shader GL_ARB_texture_barrier GL_ARB_texture_border_clamp GL_ARB_texture_buffer_object GL_ARB_texture_buffer_object_rgb32 GL_ARB_texture_buffer_range GL_ARB_texture_compression_bptc GL_ARB_texture_compression_rgtc GL_ARB_texture_cube_map_array GL_ARB_texture_filter_anisotropic GL_ARB_texture_filter_minmax GL_ARB_texture_float GL_ARB_texture_gather GL_ARB_texture_mirror_clamp_to_edge GL_ARB_texture_multisample GL_ARB_texture_non_power_of_two GL_ARB_texture_query_levels GL_ARB_texture_query_lod GL_ARB_texture_rectangle GL_ARB_texture_rg GL_ARB_texture_rgb10_a2ui GL_ARB_texture_stencil8 GL_ARB_texture_storage GL_ARB_texture_storage_multisample GL_ARB_texture_swizzle GL_ARB_texture_view GL_ARB_timer_query GL_ARB_transform_feedback2 GL_ARB_transform_feedback3 GL_ARB_transform_feedback_instanced GL_ARB_transform_feedback_overflow_query GL_ARB_uniform_buffer_object GL_ARB_vertex_array_bgra GL_ARB_vertex_array_object GL_ARB_vertex
_attrib_64bit GL_ARB_vertex_attrib_binding GL_ARB_vertex_buffer_object GL_ARB_vertex_shader GL_ARB_vertex_type_10f_11f_11f_rev GL_ARB_vertex_type_2_10_10_10_rev GL_ARB_viewport_array GL_ATI_blend_equation_separate GL_ATI_meminfo GL_ATI_texture_float GL_ATI_texture_mirror_once GL_EXT_EGL_image_storage GL_EXT_EGL_image_storage_compression GL_EXT_EGL_sync GL_EXT_abgr GL_EXT_blend_equation_separate GL_EXT_debug_label GL_EXT_demote_to_helper_invocation GL_EXT_depth_bounds_test GL_EXT_draw_buffers2 GL_EXT_draw_instanced GL_EXT_framebuffer_blit GL_EXT_framebuffer_multisample GL_EXT_framebuffer_multisample_blit_scaled GL_EXT_framebuffer_object GL_EXT_framebuffer_sRGB GL_EXT_memory_object GL_EXT_memory_object_fd GL_EXT_packed_depth_stencil GL_EXT_packed_float GL_EXT_pixel_buffer_object GL_EXT_polygon_offset_clamp GL_EXT_provoking_vertex GL_EXT_semaphore GL_EXT_semaphore_fd GL_EXT_shader_image_load_formatted GL_EXT_shader_image_load_store GL_EXT_shader_integer_mix GL_EXT_shader_samples_identical GL_EXT_texture_array G
L_EXT_texture_compression_dxt1 GL_EXT_texture_compression_rgtc GL_EXT_texture_compression_s3tc GL_EXT_texture_filter_anisotropic GL_EXT_texture_filter_minmax GL_EXT_texture_integer GL_EXT_texture_mirror_clamp GL_EXT_texture_sRGB GL_EXT_texture_sRGB_R8 GL_EXT_texture_sRGB_RG8 GL_EXT_texture_sRGB_decode GL_EXT_texture_shadow_lod GL_EXT_texture_shared_exponent GL_EXT_texture_snorm GL_EXT_texture_storage GL_EXT_texture_swizzle GL_EXT_timer_query GL_EXT_transform_feedback GL_EXT_vertex_array_bgra GL_EXT_vertex_attrib_64bit GL_EXT_window_rectangles GL_IBM_multimode_draw_arrays GL_INTEL_blackhole_render GL_KHR_blend_equation_advanced GL_KHR_context_flush_control GL_KHR_debug GL_KHR_no_error GL_KHR_parallel_shader_compile GL_KHR_robust_buffer_access_behavior GL_KHR_robustness GL_KHR_shader_subgroup GL_KHR_texture_compression_astc_ldr GL_KHR_texture_compression_astc_sliced_3d GL_MESA_framebuffer_flip_y GL_MESA_pack_invert GL_MESA_shader_integer_functions GL_MESA_texture_const_bandwidth GL_MESA_texture_signed_rgba GL_
NVX_gpu_memory_info GL_NV_alpha_to_coverage_dither_control GL_NV_compute_shader_derivatives GL_NV_conditional_render GL_NV_copy_image GL_NV_depth_clamp GL_NV_packed_depth_stencil GL_NV_shader_atomic_int64 GL_NV_texture_barrier GL_NV_vdpau_interop GL_OES_EGL_image GL_S3_s3tc
OPENGL LOG: Creating OpenGL 4.6 graphics device ; Context level  <OpenGL 4.5> ; Context handle 118649136
Begin MonoManager ReloadAssembly
- Loaded All Assemblies, in  0.166 seconds
- Finished resetting the current domain, in  0.004 seconds
[Physics::Module] Selected backend.
[Physics::Module] Name: PhysX
[Physics::Module] Id: 0xf2b8ea05
[Physics::Module] SDK Version: 4.1.2
[Physics::Module] Integration Version: 1.0.0
[Physics::Module] Threading Mode: Multi-Threaded
--- Startup info ---
Time (UTC): 2026-02-25T22:57:20Z
Game version: 1.2.0.4-aded
Unity version: 6000.0.59f2
OS version: Linux 6.18 Steam Runtime 2 64bit
Graphics device: AMD Radeon RX 6600 (radeonsi, navi23, LLVM 19.1.1, DRM 3.64, 6.18.7-76061807-generic) (OpenGLCore, OpenGL 4.6 (Core Profile) Mesa 25.1.5-1pop0~1753463422~24.04~8af185e)
--- END Startup info ---
CommandLineArgs.args[0]: /home/tulio/.steam/debian-installation/steamapps/common/Core Keeper/CoreKeeper
CommandLineArgs.args[1]: -force-glcore
Initializing Steamworks with AppID 1621690
[S_API] SteamAPI_Init(): Loaded '/home/tulio/.steam/debian-installation/linux64/steamclient.so' OK.
Setting breakpad minidump AppID = 1621690
SteamInternal_SetMinidumpSteamID:  Caching Steam ID:  76561198047730785 [API loaded no]
Steam API initialized branch=
CommandLineArgs.args[0]: /home/tulio/.steam/debian-installation/steamapps/common/Core Keeper/CoreKeeper
CommandLineArgs.args[1]: -force-glcore
PlatformConfiguration: successfully loaded base platform configuration for variant PC.
no mod.io mods loaded User not authenticated. (code: 20100)
steam initialized successfully.
no subscribed workshop items found.
steamworkshop loader has been initialized and async mod fetching query task completed
Default vsync count 0
requesting resize 1920 x 1080
Using native desktop resolution 1920 x 1080
requesting fullscreen 1920 x 1080 at 0/1 Hz
Desktop is 1920 x 1080 @ 60 Hz
UnloadTime: 2.953378 ms
Checking system requirements: PASS
DllNotFoundException: sentry assembly:<unknown assembly> type:<unknown type> member:(null)
  at (wrapper managed-to-native) Sentry.Unity.Native.SentryNativeBridge.sentry_reinstall_backend()
  at Sentry.Unity.Native.SentryNativeBridge.ReinstallBackend () [0x00000] in <f29aa5ab222d49a38d430a90b809b79b>:0 
  at Sentry.Unity.Native.SentryNative.ReinstallBackend () [0x00000] in <f29aa5ab222d49a38d430a90b809b79b>:0 
  at Sentry.Unity.SentryInitialization.ReinstallBackend () [0x00000] in <f704ed6d3815450eb8d270013b3d695f>:0 
UnityEngine.DebugLogHandler:Internal_LogException_Injected(Exception, IntPtr)
UnityEngine.DebugLogHandler:Internal_LogException(Exception, Object)
UnityEngine.DebugLogHandler:LogException(Exception, Object)
Sentry.Unity.Integrations.UnityLogHandlerIntegration:LogException(Exception, Object)
UnityEngine.Logger:LogException(Exception, Object)
UnityEngine.Debug:CallOverridenDebugHandler(Exception, Object)

Ignoring invalid [Unity.Entities.UpdateAfterAttribute] attribute on Unity.Entities.CompanionGameObjectUpdateTransformSystem targeting Unity.Transforms.TransformSystemGroup.
This attribute can only order systems that are members of the same ComponentSystemGroup instance.
Make sure that both systems are in the same system group with [UpdateInGroup(typeof(Unity.Entities.SimulationSystemGroup))],
or by manually adding both systems to the same group's update list.
Initialize global manager
Loading data blocks...
Data blocks finished loading from addressables (264.2564423s)
Handling loaded data blocks: addressables
Initialized 7617 data blocks in 0.0530863 s
Ran post data block load callbacks in 0.1127201 s
SpriteInstancingAtlas: Packed 5187 sprites (total size: 10609506) into atlas of size 3308x3308 = 10942864 (wasted space: 3.05%) in 48.77 ms
Global manager Resources.Load
Manager: started resources load for Global Objects (Main Manager).
Manager: resources load for Global Objects (Main Manager) finished.
Start initializing all managers
Core count is 12
Job worker count is 4
CloudSyncDown
PrefsManager: applying settings for platform variant PlatformConfiguration_PC.
requesting resize 1920 x 1080
Using native desktop resolution 1920 x 1080
requesting fullscreen 1920 x 1080 at 0/1 Hz
Desktop is 1920 x 1080 @ 60 Hz
couldn't initialize discord SDK: Ok InternalError
Upgrading character e8d6831554e13bdb799e5c4a887957a9 from version 12 to 13: fixing swapped pet talents
Upgrading character e8d6831554e13bdb799e5c4a887957a9 from version 13 to 14: converting player customization to new format
Upgrading character 7dcb031b54de6555429027d9038dd4e8 from version 12 to 13: fixing swapped pet talents
Upgrading character 7dcb031b54de6555429027d9038dd4e8 from version 13 to 14: converting player customization to new format
Convert activated content bundles for world Feather to new format.
Convert activated content bundles for world Crabby to new format.
using color lookup at /home/tulio/.steam/debian-installation/steamapps/common/Core Keeper/CoreKeeper_Data/StreamingAssets/Textures/ColorGrading.png
Loading localization from /home/tulio/.steam/debian-installation/steamapps/common/Core Keeper/CoreKeeper_Data/../localization/Localization.csv
Skipping faction mod /home/tulio/.steam/debian-installation/steamapps/common/Core Keeper/CoreKeeper_Data/StreamingAssets/Conf/Factions/None.json with faction None (0)
Skipping loot mod /home/tulio/.steam/debian-installation/steamapps/common/Core Keeper/CoreKeeper_Data/StreamingAssets/Conf/Loot/Empty.json for loot table Empty (0)
The referenced script on this Behaviour (Game Object '<null>') is missing!
Font8L: Already defined glyph #362 Ł
Font8L: Already defined glyph #363 ł
Font8L: Already defined glyph #380 Ź
Font8L: Already defined glyph #381 ź
Font8B: Already defined glyph #362 Ł
Font8B: Already defined glyph #363 ł
Font8B: Already defined glyph #380 Ź
Font8B: Already defined glyph #381 ź
Font10L: Already defined glyph #362 Ł
Font10L: Already defined glyph #363 ł
Font10L: Already defined glyph #380 Ź
Font10L: Already defined glyph #381 ź
Font10B: Already defined glyph #362 Ł
Font10B: Already defined glyph #363 ł
Font10B: Already defined glyph #380 Ź
Font10B: Already defined glyph #381 ź
Font18B: Already defined glyph #362 Ł
Font18B: Already defined glyph #363 ł
Font18B: Already defined glyph #380 Ź
Font18B: Already defined glyph #381 ź
ECSManager: Found 372 converter type(s)
Converting 2870 root objects for Default World with 372 converters, 9 post-converters in staging world, and 4 post-converters in final world.
PugDatabase initialized 2869 prefabs
Populating pools...
WaterSim.LazyInitialize: created the surface texture.
'R8_SRGB' is not supported. RenderTexture::GetTemporary fallbacks to R8G8B8A8_SRGB format on this platform. Use 'SystemInfo.IsFormatSupported' C# API to check format support.
WaterSim.LazyInitialize: created the state texture.
WaterSim.LazyInitialize: created the previous state texture.
Steam stats received
Steam stats received
Added memory pools for 714 prefabs from PooledGraphicalObjectBank
OpenGL Error: Invalid texture unit!
 #0 ???
 #1 ???
 #2 ???
 #3 ???
 #4 ???
 #5 ???
 #6 ???
 #7 ???
 #8 ???

Added memory pools for 100 prefabs from PooledParticleSystemBank
got language code en
Setting language to English from English
OpenGL Error: Invalid texture unit!
 #0 ???
 #1 ???
 #2 ???
 #3 ???
 #4 ???
 #5 ???
 #6 ???
 #7 ???
 #8 ???

OpenGL Error: Invalid texture unit!
 #0 ???
 #1 ???
 #2 ???
 #3 ???
 #4 ???
 #5 ???
 #6 ???
 #7 ???
 #8 ???

OpenGL Error: Invalid texture unit!
 #0 ???
 #1 ???
 #2 ???
 #3 ???
 #4 ???
 #5 ???
 #6 ???
 #7 ???
 #8 ???

OpenGL Error: Invalid texture unit!
 #0 ???
 #1 ???
 #2 ???
 #3 ???
 #4 ???
 #5 ???
 #6 ???
 #7 ???
 #8 ???

OpenGL Error: Invalid texture unit!
 #0 ???
 #1 ???
 #2 ???
 #3 ???
 #4 ???
 #5 ???
 #6 ???
 #7 ???
 #8 ???

OpenGL Error: Invalid texture unit!
 #0 ???
 #1 ???
 #2 ???
 #3 ???
 #4 ???
 #5 ???
 #6 ???
 #7 ???
 #8 ???

OpenGL Error: Invalid texture unit!
 #0 ???
 #1 ???
 #2 ???
 #3 ???
 #4 ???
 #5 ???
 #6 ???
 #7 ???
 #8 ???

OpenGL Error: Invalid texture unit!
 #0 ???
 #1 ???
 #2 ???
 #3 ???
 #4 ???
 #5 ???
 #6 ???
 #7 ???
 #8 ???

OpenGL Error: Invalid texture unit!
 #0 ???
 #1 ???
 #2 ???
 #3 ???
 #4 ???
 #5 ???
 #6 ???
 #7 ???
 #8 ???

OpenGL Error: Invalid texture unit!
 #0 ???
 #1 ???
 #2 ???
 #3 ???
 #4 ???
 #5 ???
 #6 ???
 #7 ???
 #8 ???

OpenGL Error: Invalid texture unit!
 #0 ???
 #1 ???
 #2 ???
 #3 ???
 #4 ???
 #5 ???
 #6 ???
 #7 ???
 #8 ???

OpenGL Error: Invalid texture unit!
 #0 ???
 #1 ???
 #2 ???
 #3 ???
 #4 ???
 #5 ???
 #6 ???
 #7 ???
 #8 ???

OpenGL Error: Invalid texture unit!
 #0 ???
 #1 ???
 #2 ???
 #3 ???
 #4 ???
 #5 ???
 #6 ???
 #7 ???
 #8 ???

OpenGL Error: Invalid texture unit!
 #0 ???
 #1 ???
 #2 ???
 #3 ???
 #4 ???
 #5 ???
 #6 ???
 #7 ???
 #8 ???

OpenGL Error: Invalid texture unit!
 #0 ???
 #1 ???
 #2 ???
 #3 ???
 #4 ???
 #5 ???
 #6 ???
 #7 ???
 #8 ???

OpenGL Error: Invalid texture unit!
 #0 ???
 #1 ???
 #2 ???
 #3 ???
 #4 ???
 #5 ???
 #6 ???
 #7 ???
 #8 ???

OpenGL Error: Invalid texture unit!
 #0 ???
 #1 ???
 #2 ???
 #3 ???
 #4 ???
 #5 ???
 #6 ???
 #7 ???
 #8 ???

OpenGL Error: Invalid texture unit!
 #0 ???
 #1 ???
 #2 ???
 #3 ???
 #4 ???
 #5 ???
 #6 ???
 #7 ???
 #8 ???

OpenGL Error: Invalid texture unit!
 #0 ???
 #1 ???
 #2 ???
 #3 ???
 #4 ???
 #5 ???
 #6 ???
 #7 ???
 #8 ???

OpenGL Error: Invalid texture unit!
 #0 ???
 #1 ???
 #2 ???
 #3 ???
 #4 ???
 #5 ???
 #6 ???
 #7 ???
 #8 ???

OpenGL Error: Invalid texture unit!
 #0 ???
 #1 ???
 #2 ???
 #3 ???
 #4 ???
 #5 ???
 #6 ???
 #7 ???
 #8 ???

OpenGL Error: Invalid texture unit!
 #0 ???
 #1 ???
 #2 ???
 #3 ???
 #4 ???
 #5 ???
 #6 ???
 #7 ???
 #8 ???

OpenGL Error: Invalid texture unit!
 #0 ???
 #1 ???
 #2 ???
 #3 ???
 #4 ???
 #5 ???
 #6 ???
 #7 ???
 #8 ???

OpenGL Error: Invalid texture unit!
 #0 ???
 #1 ???
 #2 ???
 #3 ???
 #4 ???
 #5 ???
 #6 ???
 #7 ???
 #8 ???

OpenGL Error: Invalid texture unit!
 #0 ???
 #1 ???
 #2 ???
 #3 ???
 #4 ???
 #5 ???
 #6 ???
 #7 ???
 #8 ???

OpenGL Error: Invalid texture unit!
 #0 ???
 #1 ???
 #2 ???
 #3 ???
 #4 ???
 #5 ???
 #6 ???
 #7 ???
 #8 ???

OpenGL Error: Invalid texture unit!
 #0 ???
 #1 ???
 #2 ???
 #3 ???
 #4 ???
 #5 ???
 #6 ???
 #7 ???
 #8 ???

OpenGL Error: Invalid texture unit!
 #0 ???
 #1 ???
 #2 ???
 #3 ???
 #4 ???
 #5 ???
 #6 ???
 #7 ???
 #8 ???

OpenGL Error: Invalid texture unit!
 #0 ???
 #1 ???
 #2 ???
 #3 ???
 #4 ???
 #5 ???
 #6 ???
 #7 ???
 #8 ???

OpenGL Error: Invalid texture unit!
 #0 ???
 #1 ???
 #2 ???
 #3 ???
 #4 ???
 #5 ???
 #6 ???
 #7 ???
 #8 ???

OpenGL Error: Invalid texture unit!
 #0 ???
 #1 ???
 #2 ???
 #3 ???
 #4 ???
 #5 ???
 #6 ???
 #7 ???
 #8 ???

OpenGL Error: Invalid texture unit!
 #0 ???
 #1 ???
 #2 ???
 #3 ???
 #4 ???
 #5 ???
 #6 ???
 #7 ???
 #8 ???

OpenGL Error: Invalid texture unit!
 #0 ???
 #1 ???
 #2 ???
 #3 ???
 #4 ???
 #5 ???
 #6 ???
 #7 ???
 #8 ???

OpenGL Error: Invalid texture unit!
 #0 ???
 #1 ???
 #2 ???
 #3 ???
 #4 ???
 #5 ???
 #6 ???
 #7 ???
 #8 ???

OpenGL Error: Invalid texture unit!
 #0 ???
 #1 ???
 #2 ???
 #3 ???
 #4 ???
 #5 ???
 #6 ???
 #7 ???
 #8 ???

OpenGL Error: Invalid texture unit!
 #0 ???
 #1 ???
 #2 ???
 #3 ???
 #4 ???
 #5 ???
 #6 ???
 #7 ???
 #8 ???

OpenGL Error: Invalid texture unit!
 #0 ???
 #1 ???
 #2 ???
 #3 ???
 #4 ???
 #5 ???
 #6 ???
 #7 ???
 #8 ???

OpenGL Error: Invalid texture unit!
 #0 ???
 #1 ???
 #2 ???
 #3 ???
 #4 ???
 #5 ???
 #6 ???
 #7 ???
 #8 ???

OpenGL Error: Invalid texture unit!
 #0 ???
 #1 ???
 #2 ???
 #3 ???
 #4 ???
 #5 ???
 #6 ???
 #7 ???
 #8 ???

OpenGL Error: Invalid texture unit!
 #0 ???
 #1 ???
 #2 ???
 #3 ???
 #4 ???
 #5 ???
 #6 ???
 #7 ???
 #8 ???

OpenGL Error: Invalid texture unit!
 #0 ???
 #1 ???
 #2 ???
 #3 ???
 #4 ???
 #5 ???
 #6 ???
 #7 ???
 #8 ???

OpenGL Error: Invalid texture unit!
 #0 ???
 #1 ???
 #2 ???
 #3 ???
 #4 ???
 #5 ???
 #6 ???
 #7 ???
 #8 ???

OpenGL Error: Invalid texture unit!
 #0 ???
 #1 ???
 #2 ???
 #3 ???
 #4 ???
 #5 ???
 #6 ???
 #7 ???
 #8 ???

OpenGL Error: Invalid texture unit!
 #0 ???
 #1 ???
 #2 ???
 #3 ???
 #4 ???
 #5 ???
 #6 ???
 #7 ???
 #8 ???

OpenGL Error: Invalid texture unit!
 #0 ???
 #1 ???
 #2 ???
 #3 ???
 #4 ???
 #5 ???
 #6 ???
 #7 ???
 #8 ???

OpenGL Error: Invalid texture unit!
 #0 ???
 #1 ???
 #2 ???
 #3 ???
 #4 ???
 #5 ???
 #6 ???
 #7 ???
 #8 ???

OpenGL Error: Invalid texture unit!
 #0 ???
 #1 ???
 #2 ???
 #3 ???
 #4 ???
 #5 ???
 #6 ???
 #7 ???
 #8 ???

OpenGL Error: Invalid texture unit!
 #0 ???
 #1 ???
 #2 ???
 #3 ???
 #4 ???
 #5 ???
 #6 ???
 #7 ???
 #8 ???

OpenGL Error: Invalid texture unit!
 #0 ???
 #1 ???
 #2 ???
 #3 ???
 #4 ???
 #5 ???
 #6 ???
 #7 ???
 #8 ???

OpenGL Error: Invalid texture unit!
 #0 ???
 #1 ???
 #2 ???
 #3 ???
 #4 ???
 #5 ???
 #6 ???
 #7 ???
 #8 ???

OpenGL Error: Invalid texture unit!
 #0 ???
 #1 ???
 #2 ???
 #3 ???
 #4 ???
 #5 ???
 #6 ???
 #7 ???
 #8 ???

OpenGL Error: Invalid texture unit!
 #0 ???
 #1 ???
 #2 ???
 #3 ???
 #4 ???
 #5 ???
 #6 ???
 #7 ???
 #8 ???

OpenGL Error: Invalid texture unit!
 #0 ???
 #1 ???
 #2 ???
 #3 ???
 #4 ???
 #5 ???
 #6 ???
 #7 ???
 #8 ???

OpenGL Error: Invalid texture unit!
 #0 ???
 #1 ???
 #2 ???
 #3 ???
 #4 ???
 #5 ???
 #6 ???
 #7 ???
 #8 ???

OpenGL Error: Invalid texture unit!
 #0 ???
 #1 ???
 #2 ???
 #3 ???
 #4 ???
 #5 ???
 #6 ???
 #7 ???
 #8 ???

OpenGL Error: Invalid texture unit!
 #0 ???
 #1 ???
 #2 ???
 #3 ???
 #4 ???
 #5 ???
 #6 ???
 #7 ???
 #8 ???

OpenGL Error: Invalid texture unit!
 #0 ???
 #1 ???
 #2 ???
 #3 ???
 #4 ???
 #5 ???
 #6 ???
 #7 ???
 #8 ???

OpenGL Error: Invalid texture unit!
 #0 ???
 #1 ???
 #2 ???
 #3 ???
 #4 ???
 #5 ???
 #6 ???
 #7 ???
 #8 ???

OpenGL Error: Invalid texture unit!
 #0 ???
 #1 ???
 #2 ???
 #3 ???
 #4 ???
 #5 ???
 #6 ???
 #7 ???
 #8 ???

OpenGL Error: Invalid texture unit!
 #0 ???
 #1 ???
 #2 ???
 #3 ???
 #4 ???
 #5 ???
 #6 ???
 #7 ???
 #8 ???

OpenGL Error: Invalid texture unit!
 #0 ???
 #1 ???
 #2 ???
 #3 ???
 #4 ???
 #5 ???
 #6 ???
 #7 ???
 #8 ???

OpenGL Error: Invalid texture unit!
 #0 ???
 #1 ???
 #2 ???
 #3 ???
 #4 ???
 #5 ???
 #6 ???
 #7 ???
 #8 ???

OpenGL Error: Invalid texture unit!
 #0 ???
 #1 ???
 #2 ???
 #3 ???
 #4 ???
 #5 ???
 #6 ???
 #7 ???
 #8 ???

OpenGL Error: Invalid texture unit!
 #0 ???
 #1 ???
 #2 ???
 #3 ???
 #4 ???
 #5 ???
 #6 ???
 #7 ???
 #8 ???

OpenGL Error: Invalid texture unit!
 #0 ???
 #1 ???
 #2 ???
 #3 ???
 #4 ???
 #5 ???
 #6 ???
 #7 ???
 #8 ???

OpenGL Error: Invalid texture unit!
 #0 ???
 #1 ???
 #2 ???
 #3 ???
 #4 ???
 #5 ???
 #6 ???
 #7 ???
 #8 ???

OpenGL Error: Invalid texture unit!
 #0 ???
 #1 ???
 #2 ???
 #3 ???
 #4 ???
 #5 ???
 #6 ???
 #7 ???
 #8 ???

OpenGL Error: Invalid texture unit!
 #0 ???
 #1 ???
 #2 ???
 #3 ???
 #4 ???
 #5 ???
 #6 ???
 #7 ???
 #8 ???

OpenGL Error: Invalid texture unit!
 #0 ???
 #1 ???
 #2 ???
 #3 ???
 #4 ???
 #5 ???
 #6 ???
 #7 ???
 #8 ???

OpenGL Error: Invalid texture unit!
 #0 ???
 #1 ???
 #2 ???
 #3 ???
 #4 ???
 #5 ???
 #6 ???
 #7 ???
 #8 ???

OpenGL Error: Invalid texture unit!
 #0 ???
 #1 ???
 #2 ???
 #3 ???
 #4 ???
 #5 ???
 #6 ???
 #7 ???
 #8 ???

OpenGL Error: Invalid texture unit!
 #0 ???
 #1 ???
 #2 ???
 #3 ???
 #4 ???
 #5 ???
 #6 ???
 #7 ???
 #8 ???

OpenGL Error: Invalid texture unit!
 #0 ???
 #1 ???
 #2 ???
 #3 ???
 #4 ???
 #5 ???
 #6 ???
 #7 ???
 #8 ???

OpenGL Error: Invalid texture unit!
 #0 ???
 #1 ???
 #2 ???
 #3 ???
 #4 ???
 #5 ???
 #6 ???
 #7 ???
 #8 ???

OpenGL Error: Invalid texture unit!
 #0 ???
 #1 ???
 #2 ???
 #3 ???
 #4 ???
 #5 ???
 #6 ???
 #7 ???
 #8 ???

OpenGL Error: Invalid texture unit!
 #0 ???
 #1 ???
 #2 ???
 #3 ???
 #4 ???
 #5 ???
 #6 ???
 #7 ???
 #8 ???

OpenGL Error: Invalid texture unit!
 #0 ???
 #1 ???
 #2 ???
 #3 ???
 #4 ???
 #5 ???
 #6 ???
 #7 ???
 #8 ???

OpenGL Error: Invalid texture unit!
 #0 ???
 #1 ???
 #2 ???
 #3 ???
 #4 ???
 #5 ???
 #6 ???
 #7 ???
 #8 ???

OpenGL Error: Invalid texture unit!
 #0 ???
 #1 ???
 #2 ???
 #3 ???
 #4 ???
 #5 ???
 #6 ???
 #7 ???
 #8 ???

OpenGL Error: Invalid texture unit!
 #0 ???
 #1 ???
 #2 ???
 #3 ???
 #4 ???
 #5 ???
 #6 ???
 #7 ???
 #8 ???

OpenGL Error: Invalid texture unit!
 #0 ???
 #1 ???
 #2 ???
 #3 ???
 #4 ???
 #5 ???
 #6 ???
 #7 ???
 #8 ???

OpenGL Error: Invalid texture unit!
 #0 ???
 #1 ???
 #2 ???
 #3 ???
 #4 ???
 #5 ???
 #6 ???
 #7 ???
 #8 ???

OpenGL Error: Invalid texture unit!
 #0 ???
 #1 ???
 #2 ???
 #3 ???
 #4 ???
 #5 ???
 #6 ???
 #7 ???
 #8 ???

OpenGL Error: Invalid texture unit!
 #0 ???
 #1 ???
 #2 ???
 #3 ???
 #4 ???
 #5 ???
 #6 ???
 #7 ???
 #8 ???

OpenGL Error: Invalid texture unit!
 #0 ???
 #1 ???
 #2 ???
 #3 ???
 #4 ???
 #5 ???
 #6 ???
 #7 ???
 #8 ???

OpenGL Error: Invalid texture unit!
 #0 ???
 #1 ???
 #2 ???
 #3 ???
 #4 ???
 #5 ???
 #6 ???
 #7 ???
 #8 ???

OpenGL Error: Invalid texture unit!
 #0 ???
 #1 ???
 #2 ???
 #3 ???
 #4 ???
 #5 ???
 #6 ???
 #7 ???
 #8 ???

OpenGL Error: Invalid texture unit!
 #0 ???
 #1 ???
 #2 ???
 #3 ???
 #4 ???
 #5 ???
 #6 ???
 #7 ???
 #8 ???

OpenGL Error: Invalid texture unit!
 #0 ???
 #1 ???
 #2 ???
 #3 ???
 #4 ???
 #5 ???
 #6 ???
 #7 ???
 #8 ???

OpenGL Error: Invalid texture unit!
 #0 ???
 #1 ???
 #2 ???
 #3 ???
 #4 ???
 #5 ???
 #6 ???
 #7 ???
 #8 ???

OpenGL Error: Invalid texture unit!
 #0 ???
 #1 ???
 #2 ???
 #3 ???
 #4 ???
 #5 ???
 #6 ???
 #7 ???
 #8 ???

OpenGL Error: Invalid texture unit!
 #0 ???
 #1 ???
 #2 ???
 #3 ???
 #4 ???
 #5 ???
 #6 ???
 #7 ???
 #8 ???

OpenGL Error: Invalid texture unit!
 #0 ???
 #1 ???
 #2 ???
 #3 ???
 #4 ???
 #5 ???
 #6 ???
 #7 ???
 #8 ???

OpenGL Error: Invalid texture unit!
 #0 ???
 #1 ???
 #2 ???
 #3 ???
 #4 ???
 #5 ???
 #6 ???
 #7 ???
 #8 ???

OpenGL Error: Invalid texture unit!
 #0 ???
 #1 ???
 #2 ???
 #3 ???
 #4 ???
 #5 ???
 #6 ???
 #7 ???
 #8 ???

OpenGL Error: Invalid texture unit!
 #0 ???
 #1 ???
 #2 ???
 #3 ???
 #4 ???
 #5 ???
 #6 ???
 #7 ???
 #8 ???

OpenGL Error: Invalid texture unit!
 #0 ???
 #1 ???
 #2 ???
 #3 ???
 #4 ???
 #5 ???
 #6 ???
 #7 ???
 #8 ???

OpenGL Error: Invalid texture unit!
 #0 ???
 #1 ???
 #2 ???
 #3 ???
 #4 ???
 #5 ???
 #6 ???
 #7 ???
 #8 ???

OpenGL Error: Invalid texture unit!
 #0 ???
 #1 ???
 #2 ???
 #3 ???
 #4 ???
 #5 ???
 #6 ???
 #7 ???
 #8 ???

OpenGL Error: Invalid texture unit!
 #0 ???
 #1 ???
 #2 ???
 #3 ???
 #4 ???
 #5 ???
 #6 ???
 #7 ???
 #8 ???

OpenGL Error: Invalid texture unit!
 #0 ???
 #1 ???
 #2 ???
 #3 ???
 #4 ???
 #5 ???
 #6 ???
 #7 ???
 #8 ???

OpenGL Error: Invalid texture unit!
 #0 ???
 #1 ???
 #2 ???
 #3 ???
 #4 ???
 #5 ???
 #6 ???
 #7 ???
 #8 ???

OpenGL Error: Invalid texture unit!
 #0 ???
 #1 ???
 #2 ???
 #3 ???
 #4 ???
 #5 ???
 #6 ???
 #7 ???
 #8 ???

OpenGL Error: Invalid texture unit!
 #0 ???
 #1 ???
 #2 ???
 #3 ???
 #4 ???
 #5 ???
 #6 ???
 #7 ???
 #8 ???

OpenGL Error: Invalid texture unit!
 #0 ???
 #1 ???
 #2 ???
 #3 ???
 #4 ???
 #5 ???
 #6 ???
 #7 ???
 #8 ???

OpenGL Error: Invalid texture unit!
 #0 ???
 #1 ???
 #2 ???
 #3 ???
 #4 ???
 #5 ???
 #6 ???
 #7 ???
 #8 ???

OpenGL Error: Invalid texture unit!
 #0 ???
 #1 ???
 #2 ???
 #3 ???
 #4 ???
 #5 ???
 #6 ???
 #7 ???
 #8 ???

OpenGL Error: Invalid texture unit!
 #0 ???
 #1 ???
 #2 ???
 #3 ???
 #4 ???
 #5 ???
 #6 ???
 #7 ???
 #8 ???

OpenGL Error: Invalid texture unit!
 #0 ???
 #1 ???
 #2 ???
 #3 ???
 #4 ???
 #5 ???
 #6 ???
 #7 ???
 #8 ???

OpenGL Error: Invalid texture unit!
 #0 ???
 #1 ???
 #2 ???
 #3 ???
 #4 ???
 #5 ???
 #6 ???
 #7 ???
 #8 ???

OpenGL Error: Invalid texture unit!
 #0 ???
 #1 ???
 #2 ???
 #3 ???
 #4 ???
 #5 ???
 #6 ???
 #7 ???
 #8 ???

OpenGL Error: Invalid texture unit!
 #0 ???
 #1 ???
 #2 ???
 #3 ???
 #4 ???
 #5 ???
 #6 ???
 #7 ???
 #8 ???

OpenGL Error: Invalid texture unit!
 #0 ???
 #1 ???
 #2 ???
 #3 ???
 #4 ???
 #5 ???
 #6 ???
 #7 ???
 #8 ???

OpenGL Error: Invalid texture unit!
 #0 ???
 #1 ???
 #2 ???
 #3 ???
 #4 ???
 #5 ???
 #6 ???
 #7 ???
 #8 ???

OpenGL Error: Invalid texture unit!
 #0 ???
 #1 ???
 #2 ???
 #3 ???
 #4 ???
 #5 ???
 #6 ???
 #7 ???
 #8 ???

OpenGL Error: Invalid texture unit!
 #0 ???
 #1 ???
 #2 ???
 #3 ???
 #4 ???
 #5 ???
 #6 ???
 #7 ???
 #8 ???

OpenGL Error: Invalid texture unit!
 #0 ???
 #1 ???
 #2 ???
 #3 ???
 #4 ???
 #5 ???
 #6 ???
 #7 ???
 #8 ???

OpenGL Error: Invalid texture unit!
 #0 ???
 #1 ???
 #2 ???
 #3 ???
 #4 ???
 #5 ???
 #6 ???
 #7 ???
 #8 ???

OpenGL Error: Invalid texture unit!
 #0 ???
 #1 ???
 #2 ???
 #3 ???
 #4 ???
 #5 ???
 #6 ???
 #7 ???
 #8 ???

OpenGL Error: Invalid texture unit!
 #0 ???
 #1 ???
 #2 ???
 #3 ???
 #4 ???
 #5 ???
 #6 ???
 #7 ???
 #8 ???

OpenGL Error: Invalid texture unit!
 #0 ???
 #1 ???
 #2 ???
 #3 ???
 #4 ???
 #5 ???
 #6 ???
 #7 ???
 #8 ???

OpenGL Error: Invalid texture unit!
 #0 ???
 #1 ???
 #2 ???
 #3 ???
 #4 ???
 #5 ???
 #6 ???
 #7 ???
 #8 ???

OpenGL Error: Invalid texture unit!
 #0 ???
 #1 ???
 #2 ???
 #3 ???
 #4 ???
 #5 ???
 #6 ???
 #7 ???
 #8 ???

OpenGL Error: Invalid texture unit!
 #0 ???
 #1 ???
 #2 ???
 #3 ???
 #4 ???
 #5 ???
 #6 ???
 #7 ???
 #8 ???

OpenGL Error: Invalid texture unit!
 #0 ???
 #1 ???
 #2 ???
 #3 ???
 #4 ???
 #5 ???
 #6 ???
 #7 ???
 #8 ???

OpenGL Error: Invalid texture unit!
 #0 ???
 #1 ???
 #2 ???
 #3 ???
 #4 ???
 #5 ???
 #6 ???
 #7 ???
 #8 ???

OpenGL Error: Invalid texture unit!
 #0 ???
 #1 ???
 #2 ???
 #3 ???
 #4 ???
 #5 ???
 #6 ???
 #7 ???
 #8 ???

OpenGL Error: Invalid texture unit!
 #0 ???
 #1 ???
 #2 ???
 #3 ???
 #4 ???
 #5 ???
 #6 ???
 #7 ???
 #8 ???

OpenGL Error: Invalid texture unit!
 #0 ???
 #1 ???
 #2 ???
 #3 ???
 #4 ???
 #5 ???
 #6 ???
 #7 ???
 #8 ???

OpenGL Error: Invalid texture unit!
 #0 ???
 #1 ???
 #2 ???
 #3 ???
 #4 ???
 #5 ???
 #6 ???
 #7 ???
 #8 ???

OpenGL Error: Invalid texture unit!
 #0 ???
 #1 ???
 #2 ???
 #3 ???
 #4 ???
 #5 ???
 #6 ???
 #7 ???
 #8 ???

OpenGL Error: Invalid texture unit!
 #0 ???
 #1 ???
 #2 ???
 #3 ???
 #4 ???
 #5 ???
 #6 ???
 #7 ???
 #8 ???

OpenGL Error: Invalid texture unit!
 #0 ???
 #1 ???
 #2 ???
 #3 ???
 #4 ???
 #5 ???
 #6 ???
 #7 ???
 #8 ???

OpenGL Error: Invalid texture unit!
 #0 ???
 #1 ???
 #2 ???
 #3 ???
 #4 ???
 #5 ???
 #6 ???
 #7 ???
 #8 ???

OpenGL Error: Invalid texture unit!
 #0 ???
 #1 ???
 #2 ???
 #3 ???
 #4 ???
 #5 ???
 #6 ???
 #7 ???
 #8 ???

OpenGL Error: Invalid texture unit!
 #0 ???
 #1 ???
 #2 ???
 #3 ???
 #4 ???
 #5 ???
 #6 ???
 #7 ???
 #8 ???

OpenGL Error: Invalid texture unit!
 #0 ???
 #1 ???
 #2 ???
 #3 ???
 #4 ???
 #5 ???
 #6 ???
 #7 ???
 #8 ???

OpenGL Error: Invalid texture unit!
 #0 ???
 #1 ???
 #2 ???
 #3 ???
 #4 ???
 #5 ???
 #6 ???
 #7 ???
 #8 ???

OpenGL Error: Invalid texture unit!
 #0 ???
 #1 ???
 #2 ???
 #3 ???
 #4 ???
 #5 ???
 #6 ???
 #7 ???
 #8 ???

OpenGL Error: Invalid texture unit!
 #0 ???
 #1 ???
 #2 ???
 #3 ???
 #4 ???
 #5 ???
 #6 ???
 #7 ???
 #8 ???

OpenGL Error: Invalid texture unit!
 #0 ???
 #1 ???
 #2 ???
 #3 ???
 #4 ???
 #5 ???
 #6 ???
 #7 ???
 #8 ???

OpenGL Error: Invalid texture unit!
 #0 ???
 #1 ???
 #2 ???
 #3 ???
 #4 ???
 #5 ???
 #6 ???
 #7 ???
 #8 ???

OpenGL Error: Invalid texture unit!
 #0 ???
 #1 ???
 #2 ???
 #3 ???
 #4 ???
 #5 ???
 #6 ???
 #7 ???
 #8 ???

OpenGL Error: Invalid texture unit!
 #0 ???
 #1 ???
 #2 ???
 #3 ???
 #4 ???
 #5 ???
 #6 ???
 #7 ???
 #8 ???

OpenGL Error: Invalid texture unit!
 #0 ???
 #1 ???
 #2 ???
 #3 ???
 #4 ???
 #5 ???
 #6 ???
 #7 ???
 #8 ???

OpenGL Error: Invalid texture unit!
 #0 ???
 #1 ???
 #2 ???
 #3 ???
 #4 ???
 #5 ???
 #6 ???
 #7 ???
 #8 ???

OpenGL Error: Invalid texture unit!
 #0 ???
 #1 ???
 #2 ???
 #3 ???
 #4 ???
 #5 ???
 #6 ???
 #7 ???
 #8 ???

OpenGL Error: Invalid texture unit!
 #0 ???
 #1 ???
 #2 ???
 #3 ???
 #4 ???
 #5 ???
 #6 ???
 #7 ???
 #8 ???

OpenGL Error: Invalid texture unit!
 #0 ???
 #1 ???
 #2 ???
 #3 ???
 #4 ???
 #5 ???
 #6 ???
 #7 ???
 #8 ???

OpenGL Error: Invalid texture unit!
 #0 ???
 #1 ???
 #2 ???
 #3 ???
 #4 ???
 #5 ???
 #6 ???
 #7 ???
 #8 ???

OpenGL Error: Invalid texture unit!
 #0 ???
 #1 ???
 #2 ???
 #3 ???
 #4 ???
 #5 ???
 #6 ???
 #7 ???
 #8 ???

OpenGL Error: Invalid texture unit!
 #0 ???
 #1 ???
 #2 ???
 #3 ???
 #4 ???
 #5 ???
 #6 ???
 #7 ???
 #8 ???

OpenGL Error: Invalid texture unit!
 #0 ???
 #1 ???
 #2 ???
 #3 ???
 #4 ???
 #5 ???
 #6 ???
 #7 ???
 #8 ???

OpenGL Error: Invalid texture unit!
 #0 ???
 #1 ???
 #2 ???
 #3 ???
 #4 ???
 #5 ???
 #6 ???
 #7 ???
 #8 ???

OpenGL Error: Invalid texture unit!
 #0 ???
 #1 ???
 #2 ???
 #3 ???
 #4 ???
 #5 ???
 #6 ???
 #7 ???
 #8 ???

OpenGL Error: Invalid texture unit!
 #0 ???
 #1 ???
 #2 ???
 #3 ???
 #4 ???
 #5 ???
 #6 ???
 #7 ???
 #8 ???

OpenGL Error: Invalid texture unit!
 #0 ???
 #1 ???
 #2 ???
 #3 ???
 #4 ???
 #5 ???
 #6 ???
 #7 ???
 #8 ???

OpenGL Error: Invalid texture unit!
 #0 ???
 #1 ???
 #2 ???
 #3 ???
 #4 ???
 #5 ???
 #6 ???
 #7 ???
 #8 ???

OpenGL Error: Invalid texture unit!
 #0 ???
 #1 ???
 #2 ???
 #3 ???
 #4 ???
 #5 ???
 #6 ???
 #7 ???
 #8 ???

OpenGL Error: Invalid texture unit!
 #0 ???
 #1 ???
 #2 ???
 #3 ???
 #4 ???
 #5 ???
 #6 ???
 #7 ???
 #8 ???

OpenGL Error: Invalid texture unit!
 #0 ???
 #1 ???
 #2 ???
 #3 ???
 #4 ???
 #5 ???
 #6 ???
 #7 ???
 #8 ???

OpenGL Error: Invalid texture unit!
 #0 ???
 #1 ???
 #2 ???
 #3 ???
 #4 ???
 #5 ???
 #6 ???
 #7 ???
 #8 ???

OpenGL Error: Invalid texture unit!
 #0 ???
 #1 ???
 #2 ???
 #3 ???
 #4 ???
 #5 ???
 #6 ???
 #7 ???
 #8 ???

OpenGL Error: Invalid texture unit!
 #0 ???
 #1 ???
 #2 ???
 #3 ???
 #4 ???
 #5 ???
 #6 ???
 #7 ???
 #8 ???

OpenGL Error: Invalid texture unit!
 #0 ???
 #1 ???
 #2 ???
 #3 ???
 #4 ???
 #5 ???
 #6 ???
 #7 ???
 #8 ???

OpenGL Error: Invalid texture unit!
 #0 ???
 #1 ???
 #2 ???
 #3 ???
 #4 ???
 #5 ???
 #6 ???
 #7 ???
 #8 ???

OpenGL Error: Invalid texture unit!
 #0 ???
 #1 ???
 #2 ???
 #3 ???
 #4 ???
 #5 ???
 #6 ???
 #7 ???
 #8 ???

OpenGL Error: Invalid texture unit!
 #0 ???
 #1 ???
 #2 ???
 #3 ???
 #4 ???
 #5 ???
 #6 ???
 #7 ???
 #8 ???

OpenGL Error: Invalid texture unit!
 #0 ???
 #1 ???
 #2 ???
 #3 ???
 #4 ???
 #5 ???
 #6 ???
 #7 ???
 #8 ???

OpenGL Error: Invalid texture unit!
 #0 ???
 #1 ???
 #2 ???
 #3 ???
 #4 ???
 #5 ???
 #6 ???
 #7 ???
 #8 ???

OpenGL Error: Invalid texture unit!
 #0 ???
 #1 ???
 #2 ???
 #3 ???
 #4 ???
 #5 ???
 #6 ???
 #7 ???
 #8 ???

OpenGL Error: Invalid texture unit!
 #0 ???
 #1 ???
 #2 ???
 #3 ???
 #4 ???
 #5 ???
 #6 ???
 #7 ???
 #8 ???

OpenGL Error: Invalid texture unit!
 #0 ???
 #1 ???
 #2 ???
 #3 ???
 #4 ???
 #5 ???
 #6 ???
 #7 ???
 #8 ???

OpenGL Error: Invalid texture unit!
 #0 ???
 #1 ???
 #2 ???
 #3 ???
 #4 ???
 #5 ???
 #6 ???
 #7 ???
 #8 ???

OpenGL Error: Invalid texture unit!
 #0 ???
 #1 ???
 #2 ???
 #3 ???
 #4 ???
 #5 ???
 #6 ???
 #7 ???
 #8 ???

OpenGL Error: Invalid texture unit!
 #0 ???
 #1 ???
 #2 ???
 #3 ???
 #4 ???
 #5 ???
 #6 ???
 #7 ???
 #8 ???

OpenGL Error: Invalid texture unit!
 #0 ???
 #1 ???
 #2 ???
 #3 ???
 #4 ???
 #5 ???
 #6 ???
 #7 ???
 #8 ???

OpenGL Error: Invalid texture unit!
 #0 ???
 #1 ???
 #2 ???
 #3 ???
 #4 ???
 #5 ???
 #6 ???
 #7 ???
 #8 ???

OpenGL Error: Invalid texture unit!
 #0 ???
 #1 ???
 #2 ???
 #3 ???
 #4 ???
 #5 ???
 #6 ???
 #7 ???
 #8 ???

OpenGL Error: Invalid texture unit!
 #0 ???
 #1 ???
 #2 ???
 #3 ???
 #4 ???
 #5 ???
 #6 ???
 #7 ???
 #8 ???

OpenGL Error: Invalid texture unit!
 #0 ???
 #1 ???
 #2 ???
 #3 ???
 #4 ???
 #5 ???
 #6 ???
 #7 ???
 #8 ???

OpenGL Error: Invalid texture unit!
 #0 ???
 #1 ???
 #2 ???
 #3 ???
 #4 ???
 #5 ???
 #6 ???
 #7 ???
 #8 ???

OpenGL Error: Invalid texture unit!
 #0 ???
 #1 ???
 #2 ???
 #3 ???
 #4 ???
 #5 ???
 #6 ???
 #7 ???
 #8 ???

OpenGL Error: Invalid texture unit!
 #0 ???
 #1 ???
 #2 ???
 #3 ???
 #4 ???
 #5 ???
 #6 ???
 #7 ???
 #8 ???

OpenGL Error: Invalid texture unit!
 #0 ???
 #1 ???
 #2 ???
 #3 ???
 #4 ???
 #5 ???
 #6 ???
 #7 ???
 #8 ???

OpenGL Error: Invalid texture unit!
 #0 ???
 #1 ???
 #2 ???
 #3 ???
 #4 ???
 #5 ???
 #6 ???
 #7 ???
 #8 ???

OpenGL Error: Invalid texture unit!
 #0 ???
 #1 ???
 #2 ???
 #3 ???
 #4 ???
 #5 ???
 #6 ???
 #7 ???
 #8 ???

OpenGL Error: Invalid texture unit!
 #0 ???
 #1 ???
 #2 ???
 #3 ???
 #4 ???
 #5 ???
 #6 ???
 #7 ???
 #8 ???

OpenGL Error: Invalid texture unit!
 #0 ???
 #1 ???
 #2 ???
 #3 ???
 #4 ???
 #5 ???
 #6 ???
 #7 ???
 #8 ???

OpenGL Error: Invalid texture unit!
 #0 ???
 #1 ???
 #2 ???
 #3 ???
 #4 ???
 #5 ???
 #6 ???
 #7 ???
 #8 ???

OpenGL Error: Invalid texture unit!
 #0 ???
 #1 ???
 #2 ???
 #3 ???
 #4 ???
 #5 ???
 #6 ???
 #7 ???
 #8 ???

OpenGL Error: Invalid texture unit!
 #0 ???
 #1 ???
 #2 ???
 #3 ???
 #4 ???
 #5 ???
 #6 ???
 #7 ???
 #8 ???

OpenGL Error: Invalid texture unit!
 #0 ???
 #1 ???
 #2 ???
 #3 ???
 #4 ???
 #5 ???
 #6 ???
 #7 ???
 #8 ???

OpenGL Error: Invalid texture unit!
 #0 ???
 #1 ???
 #2 ???
 #3 ???
 #4 ???
 #5 ???
 #6 ???
 #7 ???
 #8 ???

OpenGL Error: Invalid texture unit!
 #0 ???
 #1 ???
 #2 ???
 #3 ???
 #4 ???
 #5 ???
 #6 ???
 #7 ???
 #8 ???

OpenGL Error: Invalid texture unit!
 #0 ???
 #1 ???
 #2 ???
 #3 ???
 #4 ???
 #5 ???
 #6 ???
 #7 ???
 #8 ???

OpenGL Error: Invalid texture unit!
 #0 ???
 #1 ???
 #2 ???
 #3 ???
 #4 ???
 #5 ???
 #6 ???
 #7 ???
 #8 ???

OpenGL Error: Invalid texture unit!
 #0 ???
 #1 ???
 #2 ???
 #3 ???
 #4 ???
 #5 ???
 #6 ???
 #7 ???
 #8 ???

OpenGL Error: Invalid texture unit!
 #0 ???
 #1 ???
 #2 ???
 #3 ???
 #4 ???
 #5 ???
 #6 ???
 #7 ???
 #8 ???

OpenGL Error: Invalid texture unit!
 #0 ???
 #1 ???
 #2 ???
 #3 ???
 #4 ???
 #5 ???
 #6 ???
 #7 ???
 #8 ???

OpenGL Error: Invalid texture unit!
 #0 ???
 #1 ???
 #2 ???
 #3 ???
 #4 ???
 #5 ???
 #6 ???
 #7 ???
 #8 ???

OpenGL Error: Invalid texture unit!
 #0 ???
 #1 ???
 #2 ???
 #3 ???
 #4 ???
 #5 ???
 #6 ???
 #7 ???
 #8 ???

OpenGL Error: Invalid texture unit!
 #0 ???
 #1 ???
 #2 ???
 #3 ???
 #4 ???
 #5 ???
 #6 ???
 #7 ???
 #8 ???

OpenGL Error: Invalid texture unit!
 #0 ???
 #1 ???
 #2 ???
 #3 ???
 #4 ???
 #5 ???
 #6 ???
 #7 ???
 #8 ???

OpenGL Error: Invalid texture unit!
 #0 ???
 #1 ???
 #2 ???
 #3 ???
 #4 ???
 #5 ???
 #6 ???
 #7 ???
 #8 ???

OpenGL Error: Invalid texture unit!
 #0 ???
 #1 ???
 #2 ???
 #3 ???
 #4 ???
 #5 ???
 #6 ???
 #7 ???
 #8 ???

OpenGL Error: Invalid texture unit!
 #0 ???
 #1 ???
 #2 ???
 #3 ???
 #4 ???
 #5 ???
 #6 ???
 #7 ???
 #8 ???

OpenGL Error: Invalid texture unit!
 #0 ???
 #1 ???
 #2 ???
 #3 ???
 #4 ???
 #5 ???
 #6 ???
 #7 ???
 #8 ???

OpenGL Error: Invalid texture unit!
 #0 ???
 #1 ???
 #2 ???
 #3 ???
 #4 ???
 #5 ???
 #6 ???
 #7 ???
 #8 ???

OpenGL Error: Invalid texture unit!
 #0 ???
 #1 ???
 #2 ???
 #3 ???
 #4 ???
 #5 ???
 #6 ???
 #7 ???
 #8 ???

OpenGL Error: Invalid texture unit!
 #0 ???
 #1 ???
 #2 ???
 #3 ???
 #4 ???
 #5 ???
 #6 ???
 #7 ???
 #8 ???

OpenGL Error: Invalid texture unit!
 #0 ???
 #1 ???
 #2 ???
 #3 ???
 #4 ???
 #5 ???
 #6 ???
 #7 ???
 #8 ???

OpenGL Error: Invalid texture unit!
 #0 ???
 #1 ???
 #2 ???
 #3 ???
 #4 ???
 #5 ???
 #6 ???
 #7 ???
 #8 ???

OpenGL Error: Invalid texture unit!
 #0 ???
 #1 ???
 #2 ???
 #3 ???
 #4 ???
 #5 ???
 #6 ???
 #7 ???
 #8 ???

OpenGL Error: Invalid texture unit!
 #0 ???
 #1 ???
 #2 ???
 #3 ???
 #4 ???
 #5 ???
 #6 ???
 #7 ???
 #8 ???

OpenGL Error: Invalid texture unit!
 #0 ???
 #1 ???
 #2 ???
 #3 ???
 #4 ???
 #5 ???
 #6 ???
 #7 ???
 #8 ???

OpenGL Error: Invalid texture unit!
 #0 ???
 #1 ???
 #2 ???
 #3 ???
 #4 ???
 #5 ???
 #6 ???
 #7 ???
 #8 ???

OpenGL Error: Invalid texture unit!
 #0 ???
 #1 ???
 #2 ???
 #3 ???
 #4 ???
 #5 ???
 #6 ???
 #7 ???
 #8 ???

OpenGL Error: Invalid texture unit!
 #0 ???
 #1 ???
 #2 ???
 #3 ???
 #4 ???
 #5 ???
 #6 ???
 #7 ???
 #8 ???

OpenGL Error: Invalid texture unit!
 #0 ???
 #1 ???
 #2 ???
 #3 ???
 #4 ???
 #5 ???
 #6 ???
 #7 ???
 #8 ???

OpenGL Error: Invalid texture unit!
 #0 ???
 #1 ???
 #2 ???
 #3 ???
 #4 ???
 #5 ???
 #6 ???
 #7 ???
 #8 ???

OpenGL Error: Invalid texture unit!
 #0 ???
 #1 ???
 #2 ???
 #3 ???
 #4 ???
 #5 ???
 #6 ???
 #7 ???
 #8 ???

OpenGL Error: Invalid texture unit!
 #0 ???
 #1 ???
 #2 ???
 #3 ???
 #4 ???
 #5 ???
 #6 ???
 #7 ???
 #8 ???

OpenGL Error: Invalid texture unit!
 #0 ???
 #1 ???
 #2 ???
 #3 ???
 #4 ???
 #5 ???
 #6 ???
 #7 ???
 #8 ???

OpenGL Error: Invalid texture unit!
 #0 ???
 #1 ???
 #2 ???
 #3 ???
 #4 ???
 #5 ???
 #6 ???
 #7 ???
 #8 ???

OpenGL Error: Invalid texture unit!
 #0 ???
 #1 ???
 #2 ???
 #3 ???
 #4 ???
 #5 ???
 #6 ???
 #7 ???
 #8 ???

OpenGL Error: Invalid texture unit!
 #0 ???
 #1 ???
 #2 ???
 #3 ???
 #4 ???
 #5 ???
 #6 ???
 #7 ???
 #8 ???

OpenGL Error: Invalid texture unit!
 #0 ???
 #1 ???
 #2 ???
 #3 ???
 #4 ???
 #5 ???
 #6 ???
 #7 ???
 #8 ???

OpenGL Error: Invalid texture unit!
 #0 ???
 #1 ???
 #2 ???
 #3 ???
 #4 ???
 #5 ???
 #6 ???
 #7 ???
 #8 ???

OpenGL Error: Invalid texture unit!
 #0 ???
 #1 ???
 #2 ???
 #3 ???
 #4 ???
 #5 ???
 #6 ???
 #7 ???
 #8 ???

OpenGL Error: Invalid texture unit!
 #0 ???
 #1 ???
 #2 ???
 #3 ???
 #4 ???
 #5 ???
 #6 ???
 #7 ???
 #8 ???

OpenGL Error: Invalid texture unit!
 #0 ???
 #1 ???
 #2 ???
 #3 ???
 #4 ???
 #5 ???
 #6 ???
 #7 ???
 #8 ???

OpenGL Error: Invalid texture unit!
 #0 ???
 #1 ???
 #2 ???
 #3 ???
 #4 ???
 #5 ???
 #6 ???
 #7 ???
 #8 ???

OpenGL Error: Invalid texture unit!
 #0 ???
 #1 ???
 #2 ???
 #3 ???
 #4 ???
 #5 ???
 #6 ???
 #7 ???
 #8 ???

OpenGL Error: Invalid texture unit!
 #0 ???
 #1 ???
 #2 ???
 #3 ???
 #4 ???
 #5 ???
 #6 ???
 #7 ???
 #8 ???

OpenGL Error: Invalid texture unit!
 #0 ???
 #1 ???
 #2 ???
 #3 ???
 #4 ???
 #5 ???
 #6 ???
 #7 ???
 #8 ???

OpenGL Error: Invalid texture unit!
 #0 ???
 #1 ???
 #2 ???
 #3 ???
 #4 ???
 #5 ???
 #6 ???
 #7 ???
 #8 ???

OpenGL Error: Invalid texture unit!
 #0 ???
 #1 ???
 #2 ???
 #3 ???
 #4 ???
 #5 ???
 #6 ???
 #7 ???
 #8 ???

OpenGL Error: Invalid texture unit!
 #0 ???
 #1 ???
 #2 ???
 #3 ???
 #4 ???
 #5 ???
 #6 ???
 #7 ???
 #8 ???

OpenGL Error: Invalid texture unit!
 #0 ???
 #1 ???
 #2 ???
 #3 ???
 #4 ???
 #5 ???
 #6 ???
 #7 ???
 #8 ???

OpenGL Error: Invalid texture unit!
 #0 ???
 #1 ???
 #2 ???
 #3 ???
 #4 ???
 #5 ???
 #6 ???
 #7 ???
 #8 ???

OpenGL Error: Invalid texture unit!
 #0 ???
 #1 ???
 #2 ???
 #3 ???
 #4 ???
 #5 ???
 #6 ???
 #7 ???
 #8 ???

OpenGL Error: Invalid texture unit!
 #0 ???
 #1 ???
 #2 ???
 #3 ???
 #4 ???
 #5 ???
 #6 ???
 #7 ???
 #8 ???

OpenGL Error: Invalid texture unit!
 #0 ???
 #1 ???
 #2 ???
 #3 ???
 #4 ???
 #5 ???
 #6 ???
 #7 ???
 #8 ???

OpenGL Error: Invalid texture unit!
 #0 ???
 #1 ???
 #2 ???
 #3 ???
 #4 ???
 #5 ???
 #6 ???
 #7 ???
 #8 ???

OpenGL Error: Invalid texture unit!
 #0 ???
 #1 ???
 #2 ???
 #3 ???
 #4 ???
 #5 ???
 #6 ???
 #7 ???
 #8 ???

OpenGL Error: Invalid texture unit!
 #0 ???
 #1 ???
 #2 ???
 #3 ???
 #4 ???
 #5 ???
 #6 ???
 #7 ???
 #8 ???

OpenGL Error: Invalid texture unit!
 #0 ???
 #1 ???
 #2 ???
 #3 ???
 #4 ???
 #5 ???
 #6 ???
 #7 ???
 #8 ???

OpenGL Error: Invalid texture unit!
 #0 ???
 #1 ???
 #2 ???
 #3 ???
 #4 ???
 #5 ???
 #6 ???
 #7 ???
 #8 ???

OpenGL Error: Invalid texture unit!
 #0 ???
 #1 ???
 #2 ???
 #3 ???
 #4 ???
 #5 ???
 #6 ???
 #7 ???
 #8 ???

OpenGL Error: Invalid texture unit!
 #0 ???
 #1 ???
 #2 ???
 #3 ???
 #4 ???
 #5 ???
 #6 ???
 #7 ???
 #8 ???

OpenGL Error: Invalid texture unit!
 #0 ???
 #1 ???
 #2 ???
 #3 ???
 #4 ???
 #5 ???
 #6 ???
 #7 ???
 #8 ???

OpenGL Error: Invalid texture unit!
 #0 ???
 #1 ???
 #2 ???
 #3 ???
 #4 ???
 #5 ???
 #6 ???
 #7 ???
 #8 ???

OpenGL Error: Invalid texture unit!
 #0 ???
 #1 ???
 #2 ???
 #3 ???
 #4 ???
 #5 ???
 #6 ???
 #7 ???
 #8 ???

OpenGL Error: Invalid texture unit!
 #0 ???
 #1 ???
 #2 ???
 #3 ???
 #4 ???
 #5 ???
 #6 ???
 #7 ???
 #8 ???

OpenGL Error: Invalid texture unit!
 #0 ???
 #1 ???
 #2 ???
 #3 ???
 #4 ???
 #5 ???
 #6 ???
 #7 ???
 #8 ???

OpenGL Error: Invalid texture unit!
 #0 ???
 #1 ???
 #2 ???
 #3 ???
 #4 ???
 #5 ???
 #6 ???
 #7 ???
 #8 ???

OpenGL Error: Invalid texture unit!
 #0 ???
 #1 ???
 #2 ???
 #3 ???
 #4 ???
 #5 ???
 #6 ???
 #7 ???
 #8 ???

OpenGL Error: Invalid texture unit!
 #0 ???
 #1 ???
 #2 ???
 #3 ???
 #4 ???
 #5 ???
 #6 ???
 #7 ???
 #8 ???

OpenGL Error: Invalid texture unit!
 #0 ???
 #1 ???
 #2 ???
 #3 ???
 #4 ???
 #5 ???
 #6 ???
 #7 ???
 #8 ???

OpenGL Error: Invalid texture unit!
 #0 ???
 #1 ???
 #2 ???
 #3 ???
 #4 ???
 #5 ???
 #6 ???
 #7 ???
 #8 ???

OpenGL Error: Invalid texture unit!
 #0 ???
 #1 ???
 #2 ???
 #3 ???
 #4 ???
 #5 ???
 #6 ???
 #7 ???
 #8 ???

OpenGL Error: Invalid texture unit!
 #0 ???
 #1 ???
 #2 ???
 #3 ???
 #4 ???
 #5 ???
 #6 ???
 #7 ???
 #8 ???

OpenGL Error: Invalid texture unit!
 #0 ???
 #1 ???
 #2 ???
 #3 ???
 #4 ???
 #5 ???
 #6 ???
 #7 ???
 #8 ???

OpenGL Error: Invalid texture unit!
 #0 ???
 #1 ???
 #2 ???
 #3 ???
 #4 ???
 #5 ???
 #6 ???
 #7 ???
 #8 ???

OpenGL Error: Invalid texture unit!
 #0 ???
 #1 ???
 #2 ???
 #3 ???
 #4 ???
 #5 ???
 #6 ???
 #7 ???
 #8 ???

OpenGL Error: Invalid texture unit!
 #0 ???
 #1 ???
 #2 ???
 #3 ???
 #4 ???
 #5 ???
 #6 ???
 #7 ???
 #8 ???

Unloading 5 Unused Serialized files (Serialized files now loaded: 5)
OpenGL Error: Invalid texture unit!
 #0 ???
 #1 ???
 #2 ???
 #3 ???
 #4 ???
 #5 ???
 #6 ???
 #7 ???
 #8 ???

UnloadTime: 5.797664 ms
New season: Valentine
Unloading 13415 unused Assets to reduce memory usage. Loaded Objects now: 665063.
Total: 229.385858 ms (FindLiveObjects: 64.903221 ms CreateObjectMapping: 20.868155 ms MarkObjects: 135.980691 ms  DeleteObjects: 7.626179 ms)

Unloading 1 Unused Serialized files (Serialized files now loaded: 6)
Unloading 0 unused Assets to reduce memory usage. Loaded Objects now: 665064.
Total: 202.554165 ms (FindLiveObjects: 62.935023 ms CreateObjectMapping: 14.400015 ms MarkObjects: 124.680161 ms  DeleteObjects: 0.531353 ms)

OpenGL Error: Invalid texture unit!
 #0 ???
 #1 ???
 #2 ???
 #3 ???
 #4 ???
 #5 ???
 #6 ???
 #7 ???
 #8 ???

OpenGL Error: Invalid texture unit!
 #0 ???
 #1 ???
 #2 ???
 #3 ???
 #4 ???
 #5 ???
 #6 ???
 #7 ???
 #8 ???

OpenGL Error: Invalid texture unit!
 #0 ???
 #1 ???
 #2 ???
 #3 ???
 #4 ???
 #5 ???
 #6 ???
 #7 ???
 #8 ???

OpenGL Error: Invalid texture unit!
 #0 ???
 #1 ???
 #2 ???
 #3 ???
 #4 ???
 #5 ???
 #6 ???
 #7 ???
 #8 ???

OpenGL Error: Invalid texture unit!
 #0 ???
 #1 ???
 #2 ???
 #3 ???
 #4 ???
 #5 ???
 #6 ???
 #7 ???
 #8 ???

OpenGL Error: Invalid texture unit!
 #0 ???
 #1 ???
 #2 ???
 #3 ???
 #4 ???
 #5 ???
 #6 ???
 #7 ???
 #8 ???

OpenGL Error: Invalid texture unit!
 #0 ???
 #1 ???
 #2 ???
 #3 ???
 #4 ???
 #5 ???
 #6 ???
 #7 ???
 #8 ???

OpenGL Error: Invalid texture unit!
 #0 ???
 #1 ???
 #2 ???
 #3 ???
 #4 ???
 #5 ???
 #6 ???
 #7 ???
 #8 ???

OpenGL Error: Invalid texture unit!
 #0 ???
 #1 ???
 #2 ???
 #3 ???
 #4 ???
 #5 ???
 #6 ???
 #7 ???
 #8 ???

OpenGL Error: Invalid texture unit!
 #0 ???
 #1 ???
 #2 ???
 #3 ???
 #4 ???
 #5 ???
 #6 ???
 #7 ???
 #8 ???

OpenGL Error: Invalid texture unit!
 #0 ???
 #1 ???
 #2 ???
 #3 ???
 #4 ???
 #5 ???
 #6 ???
 #7 ???
 #8 ???

OpenGL Error: Invalid texture unit!
 #0 ???
 #1 ???
 #2 ???
 #3 ???
 #4 ???
 #5 ???
 #6 ???
 #7 ???
 #8 ???

OpenGL Error: Invalid texture unit!
 #0 ???
 #1 ???
 #2 ???
 #3 ???
 #4 ???
 #5 ???
 #6 ???
 #7 ???
 #8 ???

OpenGL Error: Invalid texture unit!
 #0 ???
 #1 ???
 #2 ???
 #3 ???
 #4 ???
 #5 ???
 #6 ???
 #7 ???
 #8 ???

OpenGL Error: Invalid texture unit!
 #0 ???
 #1 ???
 #2 ???
 #3 ???
 #4 ???
 #5 ???
 #6 ???
 #7 ???
 #8 ???

OpenGL Error: Invalid texture unit!
 #0 ???
 #1 ???
 #2 ???
 #3 ???
 #4 ???
 #5 ???
 #6 ???
 #7 ???
 #8 ???

OpenGL Error: Invalid texture unit!
 #0 ???
 #1 ???
 #2 ???
 #3 ???
 #4 ???
 #5 ???
 #6 ???
 #7 ???
 #8 ???

OpenGL Error: Invalid texture unit!
 #0 ???
 #1 ???
 #2 ???
 #3 ???
 #4 ???
 #5 ???
 #6 ???
 #7 ???
 #8 ???

OpenGL Error: Invalid texture unit!
 #0 ???
 #1 ???
 #2 ???
 #3 ???
 #4 ???
 #5 ???
 #6 ???
 #7 ???
 #8 ???

OpenGL Error: Invalid texture unit!
 #0 ???
 #1 ???
 #2 ???
 #3 ???
 #4 ???
 #5 ???
 #6 ???
 #7 ???
 #8 ???

OpenGL Error: Invalid texture unit!
 #0 ???
 #1 ???
 #2 ???
 #3 ???
 #4 ???
 #5 ???
 #6 ???
 #7 ???
 #8 ???

OpenGL Error: Invalid texture unit!
 #0 ???
 #1 ???
 #2 ???
 #3 ???
 #4 ???
 #5 ???
 #6 ???
 #7 ???
 #8 ???

OpenGL Error: Invalid texture unit!
 #0 ???
 #1 ???
 #2 ???
 #3 ???
 #4 ???
 #5 ???
 #6 ???
 #7 ???
 #8 ???

OpenGL Error: Invalid texture unit!
 #0 ???
 #1 ???
 #2 ???
 #3 ???
 #4 ???
 #5 ???
 #6 ???
 #7 ???
 #8 ???

OpenGL Error: Invalid texture unit!
 #0 ???
 #1 ???
 #2 ???
 #3 ???
 #4 ???
 #5 ???
 #6 ???
 #7 ???
 #8 ???

OpenGL Error: Invalid texture unit!
 #0 ???
 #1 ???
 #2 ???
 #3 ???
 #4 ???
 #5 ???
 #6 ???
 #7 ???
 #8 ???

OpenGL Error: Invalid texture unit!
 #0 ???
 #1 ???
 #2 ???
 #3 ???
 #4 ???
 #5 ???
 #6 ???
 #7 ???
 #8 ???

OpenGL Error: Invalid texture unit!
 #0 ???
 #1 ???
 #2 ???
 #3 ???
 #4 ???
 #5 ???
 #6 ???
 #7 ???
 #8 ???

OpenGL Error: Invalid texture unit!
 #0 ???
 #1 ???
 #2 ???
 #3 ???
 #4 ???
 #5 ???
 #6 ???
 #7 ???
 #8 ???

OpenGL Error: Invalid texture unit!
 #0 ???
 #1 ???
 #2 ???
 #3 ???
 #4 ???
 #5 ???
 #6 ???
 #7 ???
 #8 ???

OpenGL Error: Invalid texture unit!
 #0 ???
 #1 ???
 #2 ???
 #3 ???
 #4 ???
 #5 ???
 #6 ???
 #7 ???
 #8 ???

OpenGL Error: Invalid texture unit!
 #0 ???
 #1 ???
 #2 ???
 #3 ???
 #4 ???
 #5 ???
 #6 ???
 #7 ???
 #8 ???

OpenGL Error: Invalid texture unit!
 #0 ???
 #1 ???
 #2 ???
 #3 ???
 #4 ???
 #5 ???
 #6 ???
 #7 ???
 #8 ???

OpenGL Error: Invalid texture unit!
 #0 ???
 #1 ???
 #2 ???
 #3 ???
 #4 ???
 #5 ???
 #6 ???
 #7 ???
 #8 ???

OpenGL Error: Invalid texture unit!
 #0 ???
 #1 ???
 #2 ???
 #3 ???
 #4 ???
 #5 ???
 #6 ???
 #7 ???
 #8 ???

OpenGL Error: Invalid texture unit!
 #0 ???
 #1 ???
 #2 ???
 #3 ???
 #4 ???
 #5 ???
 #6 ???
 #7 ???
 #8 ???

OpenGL Error: Invalid texture unit!
 #0 ???
 #1 ???
 #2 ???
 #3 ???
 #4 ???
 #5 ???
 #6 ???
 #7 ???
 #8 ???

OpenGL Error: Invalid texture unit!
 #0 ???
 #1 ???
 #2 ???
 #3 ???
 #4 ???
 #5 ???
 #6 ???
 #7 ???
 #8 ???

OpenGL Error: Invalid texture unit!
 #0 ???
 #1 ???
 #2 ???
 #3 ???
 #4 ???
 #5 ???
 #6 ???
 #7 ???
 #8 ???

OpenGL Error: Invalid texture unit!
 #0 ???
 #1 ???
 #2 ???
 #3 ???
 #4 ???
 #5 ???
 #6 ???
 #7 ???
 #8 ???

OpenGL Error: Invalid texture unit!
 #0 ???
 #1 ???
 #2 ???
 #3 ???
 #4 ???
 #5 ???
 #6 ???
 #7 ???
 #8 ???

OpenGL Error: Invalid texture unit!
 #0 ???
 #1 ???
 #2 ???
 #3 ???
 #4 ???
 #5 ???
 #6 ???
 #7 ???
 #8 ???

OpenGL Error: Invalid texture unit!
 #0 ???
 #1 ???
 #2 ???
 #3 ???
 #4 ???
 #5 ???
 #6 ???
 #7 ???
 #8 ???

OpenGL Error: Invalid texture unit!
 #0 ???
 #1 ???
 #2 ???
 #3 ???
 #4 ???
 #5 ???
 #6 ???
 #7 ???
 #8 ???

OpenGL Error: Invalid texture unit!
 #0 ???
 #1 ???
 #2 ???
 #3 ???
 #4 ???
 #5 ???
 #6 ???
 #7 ???
 #8 ???

OpenGL Error: Invalid texture unit!
 #0 ???
 #1 ???
 #2 ???
 #3 ???
 #4 ???
 #5 ???
 #6 ???
 #7 ???
 #8 ???

OpenGL Error: Invalid texture unit!
 #0 ???
 #1 ???
 #2 ???
 #3 ???
 #4 ???
 #5 ???
 #6 ???
 #7 ???
 #8 ???

OpenGL Error: Invalid texture unit!
 #0 ???
 #1 ???
 #2 ???
 #3 ???
 #4 ???
 #5 ???
 #6 ???
 #7 ???
 #8 ???

OpenGL Error: Invalid texture unit!
 #0 ???
 #1 ???
 #2 ???
 #3 ???
 #4 ???
 #5 ???
 #6 ???
 #7 ???
 #8 ???

OpenGL Error: Invalid texture unit!
 #0 ???
 #1 ???
 #2 ???
 #3 ???
 #4 ???
 #5 ???
 #6 ???
 #7 ???
 #8 ???

OpenGL Error: Invalid texture unit!
 #0 ???
 #1 ???
 #2 ???
 #3 ???
 #4 ???
 #5 ???
 #6 ???
 #7 ???
 #8 ???

OpenGL Error: Invalid texture unit!
 #0 ???
 #1 ???
 #2 ???
 #3 ???
 #4 ???
 #5 ???
 #6 ???
 #7 ???
 #8 ???

OpenGL Error: Invalid texture unit!
 #0 ???
 #1 ???
 #2 ???
 #3 ???
 #4 ???
 #5 ???
 #6 ???
 #7 ???
 #8 ???

OpenGL Error: Invalid texture unit!
 #0 ???
 #1 ???
 #2 ???
 #3 ???
 #4 ???
 #5 ???
 #6 ???
 #7 ???
 #8 ???

OpenGL Error: Invalid texture unit!
 #0 ???
 #1 ???
 #2 ???
 #3 ???
 #4 ???
 #5 ???
 #6 ???
 #7 ???
 #8 ???

OpenGL Error: Invalid texture unit!
 #0 ???
 #1 ???
 #2 ???
 #3 ???
 #4 ???
 #5 ???
 #6 ???
 #7 ???
 #8 ???

OpenGL Error: Invalid texture unit!
 #0 ???
 #1 ???
 #2 ???
 #3 ???
 #4 ???
 #5 ???
 #6 ???
 #7 ???
 #8 ???

OpenGL Error: Invalid texture unit!
 #0 ???
 #1 ???
 #2 ???
 #3 ???
 #4 ???
 #5 ???
 #6 ???
 #7 ???
 #8 ???

OpenGL Error: Invalid texture unit!
 #0 ???
 #1 ???
 #2 ???
 #3 ???
 #4 ???
 #5 ???
 #6 ???
 #7 ???
 #8 ???

OpenGL Error: Invalid texture unit!
 #0 ???
 #1 ???
 #2 ???
 #3 ???
 #4 ???
 #5 ???
 #6 ???
 #7 ???
 #8 ???

OpenGL Error: Invalid texture unit!
 #0 ???
 #1 ???
 #2 ???
 #3 ???
 #4 ???
 #5 ???
 #6 ???
 #7 ???
 #8 ???

OpenGL Error: Invalid texture unit!
 #0 ???
 #1 ???
 #2 ???
 #3 ???
 #4 ???
 #5 ???
 #6 ???
 #7 ???
 #8 ???

OpenGL Error: Invalid texture unit!
 #0 ???
 #1 ???
 #2 ???
 #3 ???
 #4 ???
 #5 ???
 #6 ???
 #7 ???
 #8 ???

OpenGL Error: Invalid texture unit!
 #0 ???
 #1 ???
 #2 ???
 #3 ???
 #4 ???
 #5 ???
 #6 ???
 #7 ???
 #8 ???

OpenGL Error: Invalid texture unit!
 #0 ???
 #1 ???
 #2 ???
 #3 ???
 #4 ???
 #5 ???
 #6 ???
 #7 ???
 #8 ???

OpenGL Error: Invalid texture unit!
 #0 ???
 #1 ???
 #2 ???
 #3 ???
 #4 ???
 #5 ???
 #6 ???
 #7 ???
 #8 ???

OpenGL Error: Invalid texture unit!
 #0 ???
 #1 ???
 #2 ???
 #3 ???
 #4 ???
 #5 ???
 #6 ???
 #7 ???
 #8 ???

OpenGL Error: Invalid texture unit!
 #0 ???
 #1 ???
 #2 ???
 #3 ???
 #4 ???
 #5 ???
 #6 ???
 #7 ???
 #8 ???

OpenGL Error: Invalid texture unit!
 #0 ???
 #1 ???
 #2 ???
 #3 ???
 #4 ???
 #5 ???
 #6 ???
 #7 ???
 #8 ???

OpenGL Error: Invalid texture unit!
 #0 ???
 #1 ???
 #2 ???
 #3 ???
 #4 ???
 #5 ???
 #6 ???
 #7 ???
 #8 ???

OpenGL Error: Invalid texture unit!
 #0 ???
 #1 ???
 #2 ???
 #3 ???
 #4 ???
 #5 ???
 #6 ???
 #7 ???
 #8 ???

OpenGL Error: Invalid texture unit!
 #0 ???
 #1 ???
 #2 ???
 #3 ???
 #4 ???
 #5 ???
 #6 ???
 #7 ???
 #8 ???

OpenGL Error: Invalid texture unit!
 #0 ???
 #1 ???
 #2 ???
 #3 ???
 #4 ???
 #5 ???
 #6 ???
 #7 ???
 #8 ???

OpenGL Error: Invalid texture unit!
 #0 ???
 #1 ???
 #2 ???
 #3 ???
 #4 ???
 #5 ???
 #6 ???
 #7 ???
 #8 ???

OpenGL Error: Invalid texture unit!
 #0 ???
 #1 ???
 #2 ???
 #3 ???
 #4 ???
 #5 ???
 #6 ???
 #7 ???
 #8 ???

OpenGL Error: Invalid texture unit!
 #0 ???
 #1 ???
 #2 ???
 #3 ???
 #4 ???
 #5 ???
 #6 ???
 #7 ???
 #8 ???

OpenGL Error: Invalid texture unit!
 #0 ???
 #1 ???
 #2 ???
 #3 ???
 #4 ???
 #5 ???
 #6 ???
 #7 ???
 #8 ???

OpenGL Error: Invalid texture unit!
 #0 ???
 #1 ???
 #2 ???
 #3 ???
 #4 ???
 #5 ???
 #6 ???
 #7 ???
 #8 ???

OpenGL Error: Invalid texture unit!
 #0 ???
 #1 ???
 #2 ???
 #3 ???
 #4 ???
 #5 ???
 #6 ???
 #7 ???
 #8 ???

Got quit request
waiting for ModIO shutdown
Exit blocked by ModManager
Quit blocked
OpenGL Error: Invalid texture unit!
 #0 ???
 #1 ???
 #2 ???
 #3 ???
 #4 ???
 #5 ???
 #6 ???
 #7 ???
 #8 ???

OpenGL Error: Invalid texture unit!
 #0 ???
 #1 ???
 #2 ???
 #3 ???
 #4 ???
 #5 ???
 #6 ???
 #7 ???
 #8 ???

Got quit request
Running quit handlers
OpenGL Error: Invalid texture unit!
 #0 ???
 #1 ???
 #2 ???
 #3 ???
 #4 ???
 #5 ???
 #6 ???
 #7 ???
 #8 ???

PrefsManager.Write: no need to write settings to disk as they are unchanged.
CloudSyncUp
PlatformManager was destroyed
[Physics::Module] Cleanup current backned.
[Physics::Module] Id: 0xf2b8ea05
Input System module state changed to: ShutdownInProgress.
Input System polling thread exited.
Input System module state changed to: Shutdown.
GarbageCollector disposing of ComputeBuffer. Please use ComputeBuffer.Release() or .Dispose() to manually release the buffer.
GarbageCollector disposing of ComputeBuffer. Please use ComputeBuffer.Release() or .Dispose() to manually release the buffer.
